<?xml version="1.0" encoding="UTF-8"?>
<!-- Generated by org.testng.reporters.JUnitReportReporter -->
<testsuite hostname="dans-asus" failures="0" tests="3" name="dataDrivenTesting.DataProviderEx2" time="46.977" errors="0" timestamp="2024-07-09T19:56:47 IST" skipped="0">
  <testcase classname="dataDrivenTesting.DataProviderEx2" name="createOrganization" time="16.151"/>
  <testcase classname="dataDrivenTesting.DataProviderEx2" name="createOrganization" time="15.396"/>
  <testcase classname="dataDrivenTesting.DataProviderEx2" name="createOrganization" time="15.430"/>
</testsuite> <!-- dataDrivenTesting.DataProviderEx2 -->
