<?xml version="1.0" encoding="UTF-8"?>
<!-- Generated by org.testng.reporters.JUnitReportReporter -->
<testsuite hostname="dans-asus" failures="0" tests="5" name="practice.TestNGTest" time="0.018" errors="0" timestamp="2024-07-27T18:27:38 IST" skipped="1">
  <testcase classname="practice.TestNGTest" name="modifyContactsTest" time="0.002"/>
  <testcase classname="practice.TestNGTest" name="modifyContactsTest" time="0.003"/>
  <testcase classname="practice.TestNGTest" name="createContactTest" time="0.010"/>
  <testcase classname="practice.TestNGTest" name="modifyContactsTest" time="0.003"/>
  <testcase classname="practice.TestNGTest" name="deleteContactTest">
    <skipped/>
  </testcase> <!-- deleteContactTest -->
</testsuite> <!-- practice.TestNGTest -->
