<?xml version="1.0" encoding="UTF-8"?>
<!-- Generated by org.testng.reporters.JUnitReportReporter -->
<testsuite hostname="dans-asus" failures="0" tests="1" name="practice.SoftAssertEx" time="20.169" errors="0" timestamp="2024-07-15T19:36:50 IST" skipped="0">
  <testcase classname="practice.SoftAssertEx" name="testCase3_CreateCampaignTest" time="20.169"/>
</testsuite> <!-- practice.SoftAssertEx -->
