<?xml version="1.0" encoding="UTF-8"?>
<!-- Generated by org.testng.reporters.JUnitReportReporter -->
<testsuite hostname="dans-asus" failures="0" tests="2" name="practice.DataProviderEx1" time="0.011" errors="0" timestamp="2024-07-09T19:52:59 IST" skipped="0">
  <testcase classname="practice.DataProviderEx1" name="bookTickets" time="0.002"/>
  <testcase classname="practice.DataProviderEx1" name="bookTickets" time="0.009"/>
</testsuite> <!-- practice.DataProviderEx1 -->
