<?xml version="1.0" encoding="UTF-8"?>
<!-- Generated by org.testng.reporters.JUnitReportReporter -->
<testsuite hostname="dans-asus" failures="0" tests="1" name="practice.TestCase5_deleteAllProducts" time="15.114" errors="0" timestamp="2024-07-11T23:20:35 IST" skipped="0">
  <testcase classname="practice.TestCase5_deleteAllProducts" name="clickOnCheckBoxes" time="15.114"/>
</testsuite> <!-- practice.TestCase5_deleteAllProducts -->
