<?xml version="1.0" encoding="UTF-8"?>
<!-- Generated by org.testng.reporters.JUnitReportReporter -->
<testsuite hostname="dans-asus" failures="0" tests="4" name="practice.DataProviderFetchFromExcel2" time="109.340" errors="0" timestamp="2024-07-10T16:50:32 IST" skipped="0">
  <testcase classname="practice.DataProviderFetchFromExcel2" name="createCampaign" time="26.806"/>
  <testcase classname="practice.DataProviderFetchFromExcel2" name="createCampaign" time="26.980"/>
  <testcase classname="practice.DataProviderFetchFromExcel2" name="createCampaign" time="28.308"/>
  <testcase classname="practice.DataProviderFetchFromExcel2" name="createCampaign" time="27.246"/>
</testsuite> <!-- practice.DataProviderFetchFromExcel2 -->
