<?xml version="1.0" encoding="UTF-8"?>
<!-- Generated by org.testng.reporters.JUnitReportReporter -->
<testsuite hostname="dans-asus" failures="0" tests="3" name="practice.DataProvider_fetchDataUsingExcel" time="52.048" errors="0" timestamp="2024-07-10T14:31:10 IST" skipped="0">
  <testcase classname="practice.DataProvider_fetchDataUsingExcel" name="createOrganization" time="20.866"/>
  <testcase classname="practice.DataProvider_fetchDataUsingExcel" name="createOrganization" time="15.597"/>
  <testcase classname="practice.DataProvider_fetchDataUsingExcel" name="createOrganization" time="15.585"/>
</testsuite> <!-- practice.DataProvider_fetchDataUsingExcel -->
