<?xml version="1.0" encoding="UTF-8"?>
<!-- Generated by org.testng.reporters.JUnitReportReporter -->
<testsuite hostname="dans-asus" failures="0" tests="1" name="Campaign.TestCase4_CampaignWithProductTest" time="48.101" errors="0" timestamp="2024-07-17T20:42:37 IST" skipped="0">
  <testcase classname="Campaign.TestCase4_CampaignWithProductTest" name="testCase4_CampaignWithProductTest" time="48.101"/>
</testsuite> <!-- Campaign.TestCase4_CampaignWithProductTest -->
