<?xml version="1.0" encoding="UTF-8"?>
<!-- Generated by org.testng.reporters.JUnitReportReporter -->
<testsuite hostname="dans-asus" failures="0" tests="1" name="product.TestCase2_EnterProductTest" time="14.552" errors="0" timestamp="2024-07-17T20:42:37 IST" skipped="0">
  <testcase classname="product.TestCase2_EnterProductTest" name="testCase2_EnterProductTest" time="14.552"/>
</testsuite> <!-- product.TestCase2_EnterProductTest -->
