<?xml version="1.0" encoding="UTF-8"?>
<!-- Generated by org.testng.reporters.JUnitReportReporter -->
<testsuite hostname="dans-asus" failures="0" tests="1" name="dataDrivenTesting.FetchDataFromDataBase_SQL" time="6.500" errors="0" timestamp="2024-07-10T20:54:38 IST" skipped="0">
  <testcase classname="dataDrivenTesting.FetchDataFromDataBase_SQL" name="dataFromSQLDatabase" time="6.500"/>
</testsuite> <!-- dataDrivenTesting.FetchDataFromDataBase_SQL -->
