<?xml version="1.0" encoding="UTF-8"?>
<!-- Generated by org.testng.reporters.JUnitReportReporter -->
<testsuite hostname="dans-asus" failures="0" tests="1" name="product.Testcase5_CretaProduct_DeleteProductTest" time="27.473" errors="0" timestamp="2024-07-17T20:42:37 IST" skipped="0">
  <testcase classname="product.Testcase5_CretaProduct_DeleteProductTest" name="testcase5_CretaProduct_DeleteProductTest" time="27.473"/>
</testsuite> <!-- product.Testcase5_CretaProduct_DeleteProductTest -->
