<?xml version="1.0" encoding="UTF-8"?>
<!-- Generated by org.testng.reporters.JUnitReportReporter -->
<testsuite hostname="dans-asus" failures="0" tests="2" name="Organization.TestCase1_CreateOrganizationTest" time="47.692" errors="0" timestamp="2024-07-17T20:42:37 IST" skipped="0">
  <testcase classname="Organization.TestCase1_CreateOrganizationTest" name="testCase1_CreateOrganizationTest" time="24.572"/>
  <testcase classname="Organization.TestCase1_CreateOrganizationTest" name="testCase3_CreateCampaignTest" time="23.120"/>
</testsuite> <!-- Organization.TestCase1_CreateOrganizationTest -->
