<?xml version="1.0" encoding="UTF-8"?>
<!-- Generated by org.testng.reporters.JUnitReportReporter -->
<testsuite hostname="dans-asus" failures="0" tests="1" name="Campaign.TestCase3_CreateCampaignTest" time="39.973" errors="0" timestamp="2024-07-19T18:59:27 IST" skipped="0">
  <testcase classname="Campaign.TestCase3_CreateCampaignTest" name="testCase3_CreateCampaignTest" time="39.973"/>
</testsuite> <!-- Campaign.TestCase3_CreateCampaignTest -->
